\BOOKMARK [1][-]{section.1}{\376\377\200\314\146\157\116\016\122\250\147\072}{}% 1
\BOOKMARK [2][-]{subsection.1.1}{\376\377\145\160\133\127\154\064\123\160\116\016\117\341\140\157\133\211\121\150\227\000\154\102}{section.1}% 2
\BOOKMARK [2][-]{subsection.1.2}{\376\377\155\361\136\246\154\064\123\160\166\204\127\372\147\054\150\106\147\266}{section.1}% 3
\BOOKMARK [2][-]{subsection.1.3}{\376\377\220\011\230\230\122\250\147\072}{section.1}% 4
\BOOKMARK [1][-]{section.2}{\376\377\213\272\145\207\145\271\150\110\116\313\176\315\116\016\145\271\154\325\121\163\174\373}{}% 5
\BOOKMARK [2][-]{subsection.2.1}{\376\377\000M\000B\000R\000S\000\040\145\271\154\325\123\237\164\006}{section.2}% 6
\BOOKMARK [2][-]{subsection.2.2}{\376\377\000D\000W\000S\000F\000\040\145\271\154\325\123\237\164\006}{section.2}% 7
\BOOKMARK [2][-]{subsection.2.3}{\376\377\116\044\171\315\145\271\150\110\166\204\121\163\174\373\116\016\135\356\137\002}{section.2}% 8
\BOOKMARK [1][-]{section.3}{\376\377\131\015\163\260\135\345\117\134\116\016\116\343\170\001\133\236\163\260}{}% 9
\BOOKMARK [2][-]{subsection.3.1}{\376\377\230\171\166\356\176\323\147\204}{section.3}% 10
\BOOKMARK [2][-]{subsection.3.2}{\376\377\217\320\210\114\163\257\130\203}{section.3}% 11
\BOOKMARK [2][-]{subsection.3.3}{\376\377\000M\000P\000S\000\040\220\002\221\115\116\016\135\345\172\013\117\356\145\071}{section.3}% 12
\BOOKMARK [2][-]{subsection.3.4}{\376\377\213\255\176\303\116\016\213\304\117\060\155\101\172\013}{section.3}% 13
\BOOKMARK [2][-]{subsection.3.5}{\376\377\123\357\131\015\163\260\133\236\232\214\124\175\116\344\116\016\116\247\162\151\133\371\136\224\121\163\174\373}{section.3}% 14
\BOOKMARK [2][-]{subsection.3.6}{\376\377\213\304\116\367\143\007\150\007}{section.3}% 15
\BOOKMARK [1][-]{section.4}{\376\377\133\236\232\214\176\323\147\234\116\016\122\006\147\220}{}% 16
\BOOKMARK [2][-]{subsection.4.1}{\376\377\213\255\176\303\217\307\172\013\122\006\147\220}{section.4}% 17
\BOOKMARK [2][-]{subsection.4.2}{\376\377\145\340\145\073\121\373\147\141\116\366\116\013\166\204\126\376\120\317\215\050\221\317}{section.4}% 18
\BOOKMARK [2][-]{subsection.4.3}{\376\377\234\201\150\322\140\047\145\164\117\123\133\371\153\324}{section.4}% 19
\BOOKMARK [2][-]{subsection.4.4}{\376\377\000J\000P\000E\000G\000\040\123\213\177\051\176\323\147\234\122\006\147\220}{section.4}% 20
\BOOKMARK [2][-]{subsection.4.5}{\376\377\232\330\145\257\126\152\130\360\116\016\152\041\174\312\176\323\147\234\122\006\147\220}{section.4}% 21
\BOOKMARK [2][-]{subsection.4.6}{\376\377\210\301\122\152\116\016\116\256\136\246\123\330\123\026\176\323\147\234\122\006\147\220}{section.4}% 22
\BOOKMARK [2][-]{subsection.4.7}{\376\377\123\302\145\160\221\317\116\016\145\110\163\207\122\006\147\220}{section.4}% 23
\BOOKMARK [2][-]{subsection.4.8}{\376\377\176\374\124\010\117\030\177\072\160\271\133\371\153\324}{section.4}% 24
\BOOKMARK [2][-]{subsection.4.9}{\376\377\131\015\163\260\213\276\177\156\116\016\176\323\147\234\217\271\165\114\213\364\146\016}{section.4}% 25
\BOOKMARK [1][-]{section.5}{\376\377\116\343\170\001\217\320\210\114\145\110\147\234\142\052\126\376}{}% 26
\BOOKMARK [2][-]{subsection.5.1}{\376\377\163\257\130\203\116\016\117\235\215\126\150\300\147\345\142\052\126\376}{section.5}% 27
\BOOKMARK [2][-]{subsection.5.2}{\376\377\000M\000B\000R\000S\000\040\213\255\176\303\217\307\172\013\142\052\126\376}{section.5}% 28
\BOOKMARK [2][-]{subsection.5.3}{\376\377\000D\000W\000S\000F\000\040\213\255\176\303\217\307\172\013\142\052\126\376}{section.5}% 29
\BOOKMARK [2][-]{subsection.5.4}{\376\377\234\201\150\322\140\047\155\113\213\325\142\052\126\376}{section.5}% 30
\BOOKMARK [2][-]{subsection.5.5}{\376\377\176\323\147\234\145\207\116\366\142\052\126\376}{section.5}% 31
\BOOKMARK [1][-]{section.6}{\376\377\142\151\134\125\145\271\124\021\116\016\136\224\165\050\140\035\200\003}{}% 32
\BOOKMARK [2][-]{subsection.6.1}{\376\377\133\236\232\214\142\151\134\125\145\271\124\021}{section.6}% 33
\BOOKMARK [2][-]{subsection.6.2}{\376\377\123\357\210\114\166\204\122\033\145\260\145\071\217\333\213\276\213\241}{section.6}% 34
\BOOKMARK [2][-]{subsection.6.3}{\376\377\133\371\133\211\121\150\136\224\165\050\166\204\217\333\116\000\153\145\140\035\200\003}{section.6}% 35
\BOOKMARK [1][-]{section.7}{\376\377\142\020\124\130\215\041\163\056}{}% 36
\BOOKMARK [1][-]{section.8}{\376\377\140\073\176\323}{}% 37
\BOOKMARK [1][-]{section.9}{\376\377\123\302\200\003\145\207\163\056}{}% 38
